<?xml version="1.0" encoding="utf-8"?><testsuites name="pytest tests"><testsuite name="pytest" errors="0" failures="0" skipped="0" tests="13" time="25.554" timestamp="2026-04-20T06:39:28.124789+00:00" hostname="agent-env-05f8eb65-1b3d-4d96-b4af-4757f693443f"><testcase classname="backend.tests.test_groq_and_e2e_extra" name="test_ingress_health" time="0.193" /><testcase classname="backend.tests.test_groq_and_e2e_extra" name="test_models_includes_groq_and_catalogue" time="0.110" /><testcase classname="backend.tests.test_groq_and_e2e_extra" name="test_settings_providers_exposes_groq_key_flags" time="0.148" /><testcase classname="backend.tests.test_groq_and_e2e_extra" name="test_metrics_llm_key_source_emergent" time="0.110" /><testcase classname="backend.tests.test_groq_and_e2e_extra" name="test_settings_accepts_groq_provider_whitelist" time="0.375" /><testcase classname="backend.tests.test_groq_and_e2e_extra" name="test_chat_groq_without_key_returns_clear_error" time="0.124" /><testcase classname="backend.tests.test_groq_and_e2e_extra" name="test_process_data_and_eda" time="0.674" /><testcase classname="backend.tests.test_groq_and_e2e_extra" name="test_generate_and_fetch_insights" time="15.765" /><testcase classname="backend.tests.test_groq_and_e2e_extra" name="test_chart_generate_shape" time="0.133" /><testcase classname="backend.tests.test_groq_and_e2e_extra" name="test_dashboard_generate_and_fetch" time="0.340" /><testcase classname="backend.tests.test_groq_and_e2e_extra" name="test_query_natural_language" time="0.241" /><testcase classname="backend.tests.test_groq_and_e2e_extra" name="test_analytics_kpis_and_profile" time="0.214" /><testcase classname="backend.tests.test_groq_and_e2e_extra" name="test_ws_pipeline_flow" time="6.911" /></testsuite></testsuites>