<?xml version="1.0" encoding="utf-8"?><testsuites name="pytest tests"><testsuite name="pytest" errors="0" failures="0" skipped="0" tests="3" time="0.913" timestamp="2026-04-20T07:13:47.686320+00:00" hostname="agent-env-05f8eb65-1b3d-4d96-b4af-4757f693443f"><testcase classname="backend.tests.test_iter3_regressions" name="test_health_v1_reports_cache_field_connected" time="0.148" /><testcase classname="backend.tests.test_iter3_regressions" name="test_seed_demo_idempotent_same_id_and_no_task_id" time="0.286" /><testcase classname="backend.tests.test_iter3_regressions" name="test_datasets_list_has_single_sales_performance_entry" time="0.410" /></testsuite></testsuites>