<?xml version="1.0" encoding="utf-8"?><testsuites name="pytest tests"><testsuite name="pytest" errors="0" failures="0" skipped="0" tests="30" time="33.779" timestamp="2026-04-20T07:15:37.653404+00:00" hostname="agent-env-05f8eb65-1b3d-4d96-b4af-4757f693443f"><testcase classname="backend.tests.test_groq_and_e2e_extra" name="test_ingress_health" time="0.156" /><testcase classname="backend.tests.test_groq_and_e2e_extra" name="test_models_includes_groq_and_catalogue" time="0.110" /><testcase classname="backend.tests.test_groq_and_e2e_extra" name="test_settings_providers_exposes_groq_key_flags" time="0.121" /><testcase classname="backend.tests.test_groq_and_e2e_extra" name="test_metrics_llm_key_source_emergent" time="0.111" /><testcase classname="backend.tests.test_groq_and_e2e_extra" name="test_settings_accepts_groq_provider_whitelist" time="0.336" /><testcase classname="backend.tests.test_groq_and_e2e_extra" name="test_chat_groq_without_key_returns_clear_error" time="0.112" /><testcase classname="backend.tests.test_groq_and_e2e_extra" name="test_process_data_and_eda" time="0.607" /><testcase classname="backend.tests.test_groq_and_e2e_extra" name="test_generate_and_fetch_insights" time="18.920" /><testcase classname="backend.tests.test_groq_and_e2e_extra" name="test_chart_generate_shape" time="0.128" /><testcase classname="backend.tests.test_groq_and_e2e_extra" name="test_dashboard_generate_and_fetch" time="0.324" /><testcase classname="backend.tests.test_groq_and_e2e_extra" name="test_query_natural_language" time="0.211" /><testcase classname="backend.tests.test_groq_and_e2e_extra" name="test_analytics_kpis_and_profile" time="0.217" /><testcase classname="backend.tests.test_groq_and_e2e_extra" name="test_ws_pipeline_flow" time="6.198" /><testcase classname="backend.tests.test_iter3_regressions" name="test_health_v1_reports_cache_field_connected" time="0.132" /><testcase classname="backend.tests.test_iter3_regressions" name="test_seed_demo_idempotent_same_id_and_no_task_id" time="0.223" /><testcase classname="backend.tests.test_iter3_regressions" name="test_datasets_list_has_single_sales_performance_entry" time="1.464" /><testcase classname="backend.tests.test_lumen_e2e" name="test_health" time="0.106" /><testcase classname="backend.tests.test_lumen_e2e" name="test_providers" time="0.110" /><testcase classname="backend.tests.test_lumen_e2e" name="test_chat_openai_real_reply" time="1.185" /><testcase classname="backend.tests.test_lumen_e2e" name="test_chat_stream_sse" time="1.262" /><testcase classname="backend.tests.test_lumen_e2e" name="test_seed_and_list" time="0.214" /><testcase classname="backend.tests.test_lumen_e2e" name="test_dataset_preview" time="0.113" /><testcase classname="backend.tests.test_lumen_e2e" name="test_warehouse_tables" time="0.111" /><testcase classname="backend.tests.test_lumen_e2e" name="test_warehouse_query" time="0.111" /><testcase classname="backend.tests.test_lumen_e2e" name="test_analytics_profile" time="0.137" /><testcase classname="backend.tests.test_lumen_e2e" name="test_chart_generate" time="0.107" /><testcase classname="backend.tests.test_lumen_e2e" name="test_settings_persist_and_read_back" time="0.420" /><testcase classname="backend.tests.test_lumen_e2e" name="test_system_stats" time="0.114" /><testcase classname="backend.tests.test_lumen_e2e" name="test_llm_metrics" time="0.102" /><testcase classname="backend.tests.test_lumen_e2e" name="test_generate_insights" time="0.208" /></testsuite></testsuites>