<?xml version="1.0" encoding="utf-8"?><testsuites name="pytest tests"><testsuite name="pytest" errors="0" failures="0" skipped="0" tests="14" time="4.251" timestamp="2026-04-20T06:39:57.940652+00:00" hostname="agent-env-05f8eb65-1b3d-4d96-b4af-4757f693443f"><testcase classname="backend.tests.test_lumen_e2e" name="test_health" time="0.137" /><testcase classname="backend.tests.test_lumen_e2e" name="test_providers" time="0.115" /><testcase classname="backend.tests.test_lumen_e2e" name="test_chat_openai_real_reply" time="0.909" /><testcase classname="backend.tests.test_lumen_e2e" name="test_chat_stream_sse" time="1.107" /><testcase classname="backend.tests.test_lumen_e2e" name="test_seed_and_list" time="0.439" /><testcase classname="backend.tests.test_lumen_e2e" name="test_dataset_preview" time="0.108" /><testcase classname="backend.tests.test_lumen_e2e" name="test_warehouse_tables" time="0.152" /><testcase classname="backend.tests.test_lumen_e2e" name="test_warehouse_query" time="0.108" /><testcase classname="backend.tests.test_lumen_e2e" name="test_analytics_profile" time="0.115" /><testcase classname="backend.tests.test_lumen_e2e" name="test_chart_generate" time="0.108" /><testcase classname="backend.tests.test_lumen_e2e" name="test_settings_persist_and_read_back" time="0.442" /><testcase classname="backend.tests.test_lumen_e2e" name="test_system_stats" time="0.100" /><testcase classname="backend.tests.test_lumen_e2e" name="test_llm_metrics" time="0.105" /><testcase classname="backend.tests.test_lumen_e2e" name="test_generate_insights" time="0.220" /></testsuite></testsuites>