<?xml version="1.0" encoding="utf-8"?><testsuites name="pytest tests"><testsuite name="pytest" errors="0" failures="0" skipped="0" tests="14" time="4.478" timestamp="2026-04-20T05:24:18.897965+00:00" hostname="agent-env-d9532316-34f5-41b2-8f73-7aade747e819"><testcase classname="backend.tests.test_lumen_e2e" name="test_health" time="0.202" /><testcase classname="backend.tests.test_lumen_e2e" name="test_providers" time="0.103" /><testcase classname="backend.tests.test_lumen_e2e" name="test_chat_openai_real_reply" time="1.074" /><testcase classname="backend.tests.test_lumen_e2e" name="test_chat_stream_sse" time="1.112" /><testcase classname="backend.tests.test_lumen_e2e" name="test_seed_and_list" time="0.436" /><testcase classname="backend.tests.test_lumen_e2e" name="test_dataset_preview" time="0.116" /><testcase classname="backend.tests.test_lumen_e2e" name="test_warehouse_tables" time="0.104" /><testcase classname="backend.tests.test_lumen_e2e" name="test_warehouse_query" time="0.116" /><testcase classname="backend.tests.test_lumen_e2e" name="test_analytics_profile" time="0.138" /><testcase classname="backend.tests.test_lumen_e2e" name="test_chart_generate" time="0.103" /><testcase classname="backend.tests.test_lumen_e2e" name="test_settings_persist_and_read_back" time="0.472" /><testcase classname="backend.tests.test_lumen_e2e" name="test_system_stats" time="0.100" /><testcase classname="backend.tests.test_lumen_e2e" name="test_llm_metrics" time="0.113" /><testcase classname="backend.tests.test_lumen_e2e" name="test_generate_insights" time="0.203" /></testsuite></testsuites>